<?xml version="1.0" encoding="UTF-8"?>
<!-- Generated by org.testng.reporters.JUnitReportReporter -->
<testsuite hostname="DESKTOP-KAAR1N3" failures="0" tests="4" name="Orders" time="11.990" errors="0" timestamp="2024-09-04T12:24:57 IST" skipped="0">
  <testcase classname="Orders" name="createOrder" time="2.275"/>
  <system-out/>
  <testcase classname="Orders" name="createOrder" time="5.272"/>
  <system-out/>
  <testcase classname="Orders" name="createOrder" time="1.234"/>
  <system-out/>
  <testcase classname="Orders" name="getOrder" time="3.209"/>
  <system-out/>
</testsuite> <!-- Orders -->
