<?xml version="1.0" encoding="UTF-8"?>
<!-- Generated by org.testng.reporters.JUnitReportReporter -->
<testsuite hostname="DESKTOP-KAAR1N3" failures="0" tests="1" name="staticJson" time="5.285" errors="0" timestamp="2024-09-04T12:46:28 IST" skipped="0">
  <testcase classname="staticJson" name="createOrderThroughStaticJson" time="5.285"/>
  <system-out/>
</testsuite> <!-- staticJson -->
