<?xml version="1.0" encoding="UTF-8"?>
<!-- Generated by org.testng.reporters.JUnitReportReporter -->
<testsuite hostname="DESKTOP-KAAR1N3" failures="0" tests="4" name="NewsAPI" time="46.311" errors="0" timestamp="2024-09-07T14:51:43 IST" skipped="0">
  <testcase classname="NewsAPI" name="validateNewsResponse" time="1.086"/>
  <system-out/>
  <testcase classname="NewsAPI" name="validateTitleOfSecondItems" time="0.512"/>
  <system-out/>
  <testcase classname="NewsAPI" name="getNews" time="4.602"/>
  <system-out/>
  <testcase classname="NewsAPI" name="validateSubjectOfLastItems" time="40.111"/>
  <system-out/>
</testsuite> <!-- NewsAPI -->
